<?xml version="1.0" encoding="UTF-8"?>
<!-- Generated by org.testng.reporters.JUnitXMLReporter -->
<testsuite ignored="0" hostname="user" failures="0" tests="10" name="Default test" time="187.464" errors="0" timestamp="2026-01-01T18:22:43 IST">
  <testcase classname="orangehrm.ui.LoginFunctionality" name="loginTestCases" time="11.531"/>
  <testcase classname="orangehrm.ui.LoginFunctionality" name="loginTestCases" time="4.218"/>
  <testcase classname="orangehrm.ui.LoginFunctionality" name="loginTestCases" time="5.693"/>
  <testcase classname="orangehrm.ui.LoginFunctionality" name="loginTestCases" time="3.586"/>
  <testcase classname="orangehrm.ui.LoginFunctionality" name="loginTestCases" time="4.747"/>
  <testcase classname="orangehrm.ui.LoginFunctionality" name="loginTestCases" time="11.649"/>
  <testcase classname="orangehrm.ui.LoginFunctionality" name="loginTestCases" time="11.382"/>
  <testcase classname="orangehrm.ui.LoginFunctionality" name="loginTestCases" time="7.395"/>
  <testcase classname="orangehrm.ui.LoginFunctionality" name="loginTestCases" time="16.14"/>
  <testcase classname="orangehrm.ui.LoginFunctionality" name="loginTestCases" time="4.374"/>
</testsuite> <!-- Default test -->
