<?xml version="1.0" encoding="UTF-8"?>
<!-- Generated by org.testng.reporters.JUnitXMLReporter -->
<testsuite ignored="0" hostname="user" failures="0" tests="10" name="Default test" time="348.41" errors="0" timestamp="2026-01-07T07:50:40 IST">
  <testcase classname="orangehrm.ui.LoginFunctionality" name="loginTestCases" time="13.184"/>
  <testcase classname="orangehrm.ui.LoginFunctionality" name="loginTestCases" time="15.555"/>
  <testcase classname="orangehrm.ui.LoginFunctionality" name="loginTestCases" time="18.946"/>
  <testcase classname="orangehrm.ui.LoginFunctionality" name="loginTestCases" time="20.263"/>
  <testcase classname="orangehrm.ui.LoginFunctionality" name="loginTestCases" time="7.57"/>
  <testcase classname="orangehrm.ui.LoginFunctionality" name="loginTestCases" time="15.86"/>
  <testcase classname="orangehrm.ui.LoginFunctionality" name="loginTestCases" time="22.539"/>
  <testcase classname="orangehrm.ui.LoginFunctionality" name="loginTestCases" time="12.245"/>
  <testcase classname="orangehrm.ui.LoginFunctionality" name="loginTestCases" time="21.792"/>
  <testcase classname="orangehrm.ui.LoginFunctionality" name="loginTestCases" time="25.059"/>
</testsuite> <!-- Default test -->
