<?xml version="1.0" encoding="UTF-8"?>
<testng-results ignored="0" total="10" passed="10" failed="0" skipped="0">
  <reporter-output>
  </reporter-output>
  <suite started-at="2026-01-01T18:19:36 IST" name="Default suite" finished-at="2026-01-01T18:22:43 IST" duration-ms="187464">
    <groups>
    </groups>
    <test started-at="2026-01-01T18:19:36 IST" name="Default test" finished-at="2026-01-01T18:22:43 IST" duration-ms="187464">
      <class name="orangehrm.ui.LoginFunctionality">
        <test-method is-config="true" signature="setup()[pri:0, instance:orangehrm.ui.LoginFunctionality@3cd3e762]" started-at="2026-01-01T18:19:36 IST" name="setup" finished-at="2026-01-01T18:19:50 IST" duration-ms="14208" status="PASS">
          <reporter-output>
          </reporter-output>
        </test-method> <!-- setup -->
        <test-method signature="loginTestCases(java.lang.String,java.lang.String,boolean)[pri:0, instance:orangehrm.ui.LoginFunctionality@3cd3e762]" started-at="2026-01-01T18:19:50 IST" name="loginTestCases" data-provider="loginData" finished-at="2026-01-01T18:20:01 IST" duration-ms="11531" status="PASS">
          <params>
            <param index="0">
              <value>
                <![CDATA[]]>
              </value>
            </param>
            <param index="1">
              <value>
                <![CDATA[]]>
              </value>
            </param>
            <param index="2">
              <value>
                <![CDATA[false]]>
              </value>
            </param>
          </params>
          <reporter-output>
          </reporter-output>
        </test-method> <!-- loginTestCases -->
        <test-method is-config="true" signature="tearDown()[pri:0, instance:orangehrm.ui.LoginFunctionality@3cd3e762]" started-at="2026-01-01T18:20:01 IST" name="tearDown" finished-at="2026-01-01T18:20:02 IST" duration-ms="328" status="PASS">
          <reporter-output>
          </reporter-output>
        </test-method> <!-- tearDown -->
        <test-method is-config="true" signature="setup()[pri:0, instance:orangehrm.ui.LoginFunctionality@3cd3e762]" started-at="2026-01-01T18:20:02 IST" name="setup" finished-at="2026-01-01T18:20:12 IST" duration-ms="10635" status="PASS">
          <reporter-output>
          </reporter-output>
        </test-method> <!-- setup -->
        <test-method signature="loginTestCases(java.lang.String,java.lang.String,boolean)[pri:0, instance:orangehrm.ui.LoginFunctionality@3cd3e762]" started-at="2026-01-01T18:20:12 IST" name="loginTestCases" data-provider="loginData" finished-at="2026-01-01T18:20:16 IST" duration-ms="4218" status="PASS">
          <params>
            <param index="0">
              <value>
                <![CDATA[wronguser]]>
              </value>
            </param>
            <param index="1">
              <value>
                <![CDATA[admin123]]>
              </value>
            </param>
            <param index="2">
              <value>
                <![CDATA[false]]>
              </value>
            </param>
          </params>
          <reporter-output>
          </reporter-output>
        </test-method> <!-- loginTestCases -->
        <test-method is-config="true" signature="tearDown()[pri:0, instance:orangehrm.ui.LoginFunctionality@3cd3e762]" started-at="2026-01-01T18:20:16 IST" name="tearDown" finished-at="2026-01-01T18:20:17 IST" duration-ms="346" status="PASS">
          <reporter-output>
          </reporter-output>
        </test-method> <!-- tearDown -->
        <test-method is-config="true" signature="setup()[pri:0, instance:orangehrm.ui.LoginFunctionality@3cd3e762]" started-at="2026-01-01T18:20:17 IST" name="setup" finished-at="2026-01-01T18:20:26 IST" duration-ms="8910" status="PASS">
          <reporter-output>
          </reporter-output>
        </test-method> <!-- setup -->
        <test-method signature="loginTestCases(java.lang.String,java.lang.String,boolean)[pri:0, instance:orangehrm.ui.LoginFunctionality@3cd3e762]" started-at="2026-01-01T18:20:26 IST" name="loginTestCases" data-provider="loginData" finished-at="2026-01-01T18:20:31 IST" duration-ms="5693" status="PASS">
          <params>
            <param index="0">
              <value>
                <![CDATA[Admin]]>
              </value>
            </param>
            <param index="1">
              <value>
                <![CDATA[wrongpass]]>
              </value>
            </param>
            <param index="2">
              <value>
                <![CDATA[false]]>
              </value>
            </param>
          </params>
          <reporter-output>
          </reporter-output>
        </test-method> <!-- loginTestCases -->
        <test-method is-config="true" signature="tearDown()[pri:0, instance:orangehrm.ui.LoginFunctionality@3cd3e762]" started-at="2026-01-01T18:20:31 IST" name="tearDown" finished-at="2026-01-01T18:20:32 IST" duration-ms="354" status="PASS">
          <reporter-output>
          </reporter-output>
        </test-method> <!-- tearDown -->
        <test-method is-config="true" signature="setup()[pri:0, instance:orangehrm.ui.LoginFunctionality@3cd3e762]" started-at="2026-01-01T18:20:32 IST" name="setup" finished-at="2026-01-01T18:20:41 IST" duration-ms="9128" status="PASS">
          <reporter-output>
          </reporter-output>
        </test-method> <!-- setup -->
        <test-method signature="loginTestCases(java.lang.String,java.lang.String,boolean)[pri:0, instance:orangehrm.ui.LoginFunctionality@3cd3e762]" started-at="2026-01-01T18:20:41 IST" name="loginTestCases" data-provider="loginData" finished-at="2026-01-01T18:20:44 IST" duration-ms="3586" status="PASS">
          <params>
            <param index="0">
              <value>
                <![CDATA[wronguser]]>
              </value>
            </param>
            <param index="1">
              <value>
                <![CDATA[wrongpass]]>
              </value>
            </param>
            <param index="2">
              <value>
                <![CDATA[false]]>
              </value>
            </param>
          </params>
          <reporter-output>
          </reporter-output>
        </test-method> <!-- loginTestCases -->
        <test-method is-config="true" signature="tearDown()[pri:0, instance:orangehrm.ui.LoginFunctionality@3cd3e762]" started-at="2026-01-01T18:20:45 IST" name="tearDown" finished-at="2026-01-01T18:20:45 IST" duration-ms="245" status="PASS">
          <reporter-output>
          </reporter-output>
        </test-method> <!-- tearDown -->
        <test-method is-config="true" signature="setup()[pri:0, instance:orangehrm.ui.LoginFunctionality@3cd3e762]" started-at="2026-01-01T18:20:45 IST" name="setup" finished-at="2026-01-01T18:20:55 IST" duration-ms="10559" status="PASS">
          <reporter-output>
          </reporter-output>
        </test-method> <!-- setup -->
        <test-method signature="loginTestCases(java.lang.String,java.lang.String,boolean)[pri:0, instance:orangehrm.ui.LoginFunctionality@3cd3e762]" started-at="2026-01-01T18:20:55 IST" name="loginTestCases" data-provider="loginData" finished-at="2026-01-01T18:21:00 IST" duration-ms="4747" status="PASS">
          <params>
            <param index="0">
              <value>
                <![CDATA[Admin]]>
              </value>
            </param>
            <param index="1">
              <value>
                <![CDATA[admin123]]>
              </value>
            </param>
            <param index="2">
              <value>
                <![CDATA[true]]>
              </value>
            </param>
          </params>
          <reporter-output>
          </reporter-output>
        </test-method> <!-- loginTestCases -->
        <test-method is-config="true" signature="tearDown()[pri:0, instance:orangehrm.ui.LoginFunctionality@3cd3e762]" started-at="2026-01-01T18:21:00 IST" name="tearDown" finished-at="2026-01-01T18:21:00 IST" duration-ms="310" status="PASS">
          <reporter-output>
          </reporter-output>
        </test-method> <!-- tearDown -->
        <test-method is-config="true" signature="setup()[pri:0, instance:orangehrm.ui.LoginFunctionality@3cd3e762]" started-at="2026-01-01T18:21:00 IST" name="setup" finished-at="2026-01-01T18:21:10 IST" duration-ms="9191" status="PASS">
          <reporter-output>
          </reporter-output>
        </test-method> <!-- setup -->
        <test-method signature="loginTestCases(java.lang.String,java.lang.String,boolean)[pri:0, instance:orangehrm.ui.LoginFunctionality@3cd3e762]" started-at="2026-01-01T18:21:10 IST" name="loginTestCases" data-provider="loginData" finished-at="2026-01-01T18:21:21 IST" duration-ms="11649" status="PASS">
          <params>
            <param index="0">
              <value>
                <![CDATA[Admin]]>
              </value>
            </param>
            <param index="1">
              <value>
                <![CDATA[]]>
              </value>
            </param>
            <param index="2">
              <value>
                <![CDATA[false]]>
              </value>
            </param>
          </params>
          <reporter-output>
          </reporter-output>
        </test-method> <!-- loginTestCases -->
        <test-method is-config="true" signature="tearDown()[pri:0, instance:orangehrm.ui.LoginFunctionality@3cd3e762]" started-at="2026-01-01T18:21:21 IST" name="tearDown" finished-at="2026-01-01T18:21:21 IST" duration-ms="265" status="PASS">
          <reporter-output>
          </reporter-output>
        </test-method> <!-- tearDown -->
        <test-method is-config="true" signature="setup()[pri:0, instance:orangehrm.ui.LoginFunctionality@3cd3e762]" started-at="2026-01-01T18:21:21 IST" name="setup" finished-at="2026-01-01T18:21:32 IST" duration-ms="10259" status="PASS">
          <reporter-output>
          </reporter-output>
        </test-method> <!-- setup -->
        <test-method signature="loginTestCases(java.lang.String,java.lang.String,boolean)[pri:0, instance:orangehrm.ui.LoginFunctionality@3cd3e762]" started-at="2026-01-01T18:21:32 IST" name="loginTestCases" data-provider="loginData" finished-at="2026-01-01T18:21:43 IST" duration-ms="11382" status="PASS">
          <params>
            <param index="0">
              <value>
                <![CDATA[]]>
              </value>
            </param>
            <param index="1">
              <value>
                <![CDATA[admin123]]>
              </value>
            </param>
            <param index="2">
              <value>
                <![CDATA[false]]>
              </value>
            </param>
          </params>
          <reporter-output>
          </reporter-output>
        </test-method> <!-- loginTestCases -->
        <test-method is-config="true" signature="tearDown()[pri:0, instance:orangehrm.ui.LoginFunctionality@3cd3e762]" started-at="2026-01-01T18:21:43 IST" name="tearDown" finished-at="2026-01-01T18:21:43 IST" duration-ms="193" status="PASS">
          <reporter-output>
          </reporter-output>
        </test-method> <!-- tearDown -->
        <test-method is-config="true" signature="setup()[pri:0, instance:orangehrm.ui.LoginFunctionality@3cd3e762]" started-at="2026-01-01T18:21:43 IST" name="setup" finished-at="2026-01-01T18:21:56 IST" duration-ms="12872" status="PASS">
          <reporter-output>
          </reporter-output>
        </test-method> <!-- setup -->
        <test-method signature="loginTestCases(java.lang.String,java.lang.String,boolean)[pri:0, instance:orangehrm.ui.LoginFunctionality@3cd3e762]" started-at="2026-01-01T18:21:56 IST" name="loginTestCases" data-provider="loginData" finished-at="2026-01-01T18:22:04 IST" duration-ms="7395" status="PASS">
          <params>
            <param index="0">
              <value>
                <![CDATA[admin]]>
              </value>
            </param>
            <param index="1">
              <value>
                <![CDATA[admin123]]>
              </value>
            </param>
            <param index="2">
              <value>
                <![CDATA[true]]>
              </value>
            </param>
          </params>
          <reporter-output>
          </reporter-output>
        </test-method> <!-- loginTestCases -->
        <test-method is-config="true" signature="tearDown()[pri:0, instance:orangehrm.ui.LoginFunctionality@3cd3e762]" started-at="2026-01-01T18:22:04 IST" name="tearDown" finished-at="2026-01-01T18:22:04 IST" duration-ms="243" status="PASS">
          <reporter-output>
          </reporter-output>
        </test-method> <!-- tearDown -->
        <test-method is-config="true" signature="setup()[pri:0, instance:orangehrm.ui.LoginFunctionality@3cd3e762]" started-at="2026-01-01T18:22:04 IST" name="setup" finished-at="2026-01-01T18:22:14 IST" duration-ms="9676" status="PASS">
          <reporter-output>
          </reporter-output>
        </test-method> <!-- setup -->
        <test-method signature="loginTestCases(java.lang.String,java.lang.String,boolean)[pri:0, instance:orangehrm.ui.LoginFunctionality@3cd3e762]" started-at="2026-01-01T18:22:14 IST" name="loginTestCases" data-provider="loginData" finished-at="2026-01-01T18:22:30 IST" duration-ms="16140" status="PASS">
          <params>
            <param index="0">
              <value>
                <![CDATA[ADMIN]]>
              </value>
            </param>
            <param index="1">
              <value>
                <![CDATA[admin123]]>
              </value>
            </param>
            <param index="2">
              <value>
                <![CDATA[false]]>
              </value>
            </param>
          </params>
          <reporter-output>
          </reporter-output>
        </test-method> <!-- loginTestCases -->
        <test-method is-config="true" signature="tearDown()[pri:0, instance:orangehrm.ui.LoginFunctionality@3cd3e762]" started-at="2026-01-01T18:22:30 IST" name="tearDown" finished-at="2026-01-01T18:22:30 IST" duration-ms="256" status="PASS">
          <reporter-output>
          </reporter-output>
        </test-method> <!-- tearDown -->
        <test-method is-config="true" signature="setup()[pri:0, instance:orangehrm.ui.LoginFunctionality@3cd3e762]" started-at="2026-01-01T18:22:30 IST" name="setup" finished-at="2026-01-01T18:22:38 IST" duration-ms="8379" status="PASS">
          <reporter-output>
          </reporter-output>
        </test-method> <!-- setup -->
        <test-method signature="loginTestCases(java.lang.String,java.lang.String,boolean)[pri:0, instance:orangehrm.ui.LoginFunctionality@3cd3e762]" started-at="2026-01-01T18:22:38 IST" name="loginTestCases" data-provider="loginData" finished-at="2026-01-01T18:22:43 IST" duration-ms="4374" status="PASS">
          <params>
            <param index="0">
              <value>
                <![CDATA[Admin]]>
              </value>
            </param>
            <param index="1">
              <value>
                <![CDATA[Admin123]]>
              </value>
            </param>
            <param index="2">
              <value>
                <![CDATA[false]]>
              </value>
            </param>
          </params>
          <reporter-output>
          </reporter-output>
        </test-method> <!-- loginTestCases -->
        <test-method is-config="true" signature="tearDown()[pri:0, instance:orangehrm.ui.LoginFunctionality@3cd3e762]" started-at="2026-01-01T18:22:43 IST" name="tearDown" finished-at="2026-01-01T18:22:43 IST" duration-ms="295" status="PASS">
          <reporter-output>
          </reporter-output>
        </test-method> <!-- tearDown -->
      </class> <!-- orangehrm.ui.LoginFunctionality -->
    </test> <!-- Default test -->
  </suite> <!-- Default suite -->
</testng-results>
