<?xml version="1.0" encoding="UTF-8"?>
<testng-results ignored="0" total="10" passed="10" failed="0" skipped="0">
  <reporter-output>
  </reporter-output>
  <suite started-at="2026-01-07T07:44:52 IST" name="Default suite" finished-at="2026-01-07T07:50:40 IST" duration-ms="348410">
    <groups>
    </groups>
    <test started-at="2026-01-07T07:44:52 IST" name="Default test" finished-at="2026-01-07T07:50:40 IST" duration-ms="348410">
      <class name="orangehrm.ui.LoginFunctionality">
        <test-method is-config="true" signature="setup()[pri:0, instance:orangehrm.ui.LoginFunctionality@3cd3e762]" started-at="2026-01-07T07:44:52 IST" name="setup" finished-at="2026-01-07T07:45:04 IST" duration-ms="12005" status="PASS">
          <reporter-output>
          </reporter-output>
        </test-method> <!-- setup -->
        <test-method signature="loginTestCases(java.lang.String,java.lang.String,boolean)[pri:0, instance:orangehrm.ui.LoginFunctionality@3cd3e762]" started-at="2026-01-07T07:45:04 IST" name="loginTestCases" data-provider="loginData" finished-at="2026-01-07T07:45:17 IST" duration-ms="13184" status="PASS">
          <params>
            <param index="0">
              <value>
                <![CDATA[]]>
              </value>
            </param>
            <param index="1">
              <value>
                <![CDATA[]]>
              </value>
            </param>
            <param index="2">
              <value>
                <![CDATA[false]]>
              </value>
            </param>
          </params>
          <reporter-output>
          </reporter-output>
        </test-method> <!-- loginTestCases -->
        <test-method is-config="true" signature="tearDown()[pri:0, instance:orangehrm.ui.LoginFunctionality@3cd3e762]" started-at="2026-01-07T07:45:17 IST" name="tearDown" finished-at="2026-01-07T07:45:17 IST" duration-ms="260" status="PASS">
          <reporter-output>
          </reporter-output>
        </test-method> <!-- tearDown -->
        <test-method is-config="true" signature="setup()[pri:0, instance:orangehrm.ui.LoginFunctionality@3cd3e762]" started-at="2026-01-07T07:45:17 IST" name="setup" finished-at="2026-01-07T07:45:27 IST" duration-ms="9619" status="PASS">
          <reporter-output>
          </reporter-output>
        </test-method> <!-- setup -->
        <test-method signature="loginTestCases(java.lang.String,java.lang.String,boolean)[pri:0, instance:orangehrm.ui.LoginFunctionality@3cd3e762]" started-at="2026-01-07T07:45:27 IST" name="loginTestCases" data-provider="loginData" finished-at="2026-01-07T07:45:42 IST" duration-ms="15555" status="PASS">
          <params>
            <param index="0">
              <value>
                <![CDATA[wronguser]]>
              </value>
            </param>
            <param index="1">
              <value>
                <![CDATA[admin123]]>
              </value>
            </param>
            <param index="2">
              <value>
                <![CDATA[false]]>
              </value>
            </param>
          </params>
          <reporter-output>
          </reporter-output>
        </test-method> <!-- loginTestCases -->
        <test-method is-config="true" signature="tearDown()[pri:0, instance:orangehrm.ui.LoginFunctionality@3cd3e762]" started-at="2026-01-07T07:45:42 IST" name="tearDown" finished-at="2026-01-07T07:45:43 IST" duration-ms="573" status="PASS">
          <reporter-output>
          </reporter-output>
        </test-method> <!-- tearDown -->
        <test-method is-config="true" signature="setup()[pri:0, instance:orangehrm.ui.LoginFunctionality@3cd3e762]" started-at="2026-01-07T07:45:43 IST" name="setup" finished-at="2026-01-07T07:45:52 IST" duration-ms="9425" status="PASS">
          <reporter-output>
          </reporter-output>
        </test-method> <!-- setup -->
        <test-method signature="loginTestCases(java.lang.String,java.lang.String,boolean)[pri:0, instance:orangehrm.ui.LoginFunctionality@3cd3e762]" started-at="2026-01-07T07:45:52 IST" name="loginTestCases" data-provider="loginData" finished-at="2026-01-07T07:46:11 IST" duration-ms="18946" status="PASS">
          <params>
            <param index="0">
              <value>
                <![CDATA[Admin]]>
              </value>
            </param>
            <param index="1">
              <value>
                <![CDATA[wrongpass]]>
              </value>
            </param>
            <param index="2">
              <value>
                <![CDATA[false]]>
              </value>
            </param>
          </params>
          <reporter-output>
          </reporter-output>
        </test-method> <!-- loginTestCases -->
        <test-method is-config="true" signature="tearDown()[pri:0, instance:orangehrm.ui.LoginFunctionality@3cd3e762]" started-at="2026-01-07T07:46:11 IST" name="tearDown" finished-at="2026-01-07T07:46:17 IST" duration-ms="5737" status="PASS">
          <reporter-output>
          </reporter-output>
        </test-method> <!-- tearDown -->
        <test-method is-config="true" signature="setup()[pri:0, instance:orangehrm.ui.LoginFunctionality@3cd3e762]" started-at="2026-01-07T07:46:17 IST" name="setup" finished-at="2026-01-07T07:46:38 IST" duration-ms="20501" status="PASS">
          <reporter-output>
          </reporter-output>
        </test-method> <!-- setup -->
        <test-method signature="loginTestCases(java.lang.String,java.lang.String,boolean)[pri:0, instance:orangehrm.ui.LoginFunctionality@3cd3e762]" started-at="2026-01-07T07:46:38 IST" name="loginTestCases" data-provider="loginData" finished-at="2026-01-07T07:46:58 IST" duration-ms="20263" status="PASS">
          <params>
            <param index="0">
              <value>
                <![CDATA[wronguser]]>
              </value>
            </param>
            <param index="1">
              <value>
                <![CDATA[wrongpass]]>
              </value>
            </param>
            <param index="2">
              <value>
                <![CDATA[false]]>
              </value>
            </param>
          </params>
          <reporter-output>
          </reporter-output>
        </test-method> <!-- loginTestCases -->
        <test-method is-config="true" signature="tearDown()[pri:0, instance:orangehrm.ui.LoginFunctionality@3cd3e762]" started-at="2026-01-07T07:46:58 IST" name="tearDown" finished-at="2026-01-07T07:46:58 IST" duration-ms="335" status="PASS">
          <reporter-output>
          </reporter-output>
        </test-method> <!-- tearDown -->
        <test-method is-config="true" signature="setup()[pri:0, instance:orangehrm.ui.LoginFunctionality@3cd3e762]" started-at="2026-01-07T07:46:58 IST" name="setup" finished-at="2026-01-07T07:47:40 IST" duration-ms="42032" status="PASS">
          <reporter-output>
          </reporter-output>
        </test-method> <!-- setup -->
        <test-method signature="loginTestCases(java.lang.String,java.lang.String,boolean)[pri:0, instance:orangehrm.ui.LoginFunctionality@3cd3e762]" started-at="2026-01-07T07:47:40 IST" name="loginTestCases" data-provider="loginData" finished-at="2026-01-07T07:47:48 IST" duration-ms="7570" status="PASS">
          <params>
            <param index="0">
              <value>
                <![CDATA[Admin]]>
              </value>
            </param>
            <param index="1">
              <value>
                <![CDATA[admin123]]>
              </value>
            </param>
            <param index="2">
              <value>
                <![CDATA[true]]>
              </value>
            </param>
          </params>
          <reporter-output>
          </reporter-output>
        </test-method> <!-- loginTestCases -->
        <test-method is-config="true" signature="tearDown()[pri:0, instance:orangehrm.ui.LoginFunctionality@3cd3e762]" started-at="2026-01-07T07:47:48 IST" name="tearDown" finished-at="2026-01-07T07:47:48 IST" duration-ms="302" status="PASS">
          <reporter-output>
          </reporter-output>
        </test-method> <!-- tearDown -->
        <test-method is-config="true" signature="setup()[pri:0, instance:orangehrm.ui.LoginFunctionality@3cd3e762]" started-at="2026-01-07T07:47:48 IST" name="setup" finished-at="2026-01-07T07:48:04 IST" duration-ms="15291" status="PASS">
          <reporter-output>
          </reporter-output>
        </test-method> <!-- setup -->
        <test-method signature="loginTestCases(java.lang.String,java.lang.String,boolean)[pri:0, instance:orangehrm.ui.LoginFunctionality@3cd3e762]" started-at="2026-01-07T07:48:04 IST" name="loginTestCases" data-provider="loginData" finished-at="2026-01-07T07:48:19 IST" duration-ms="15860" status="PASS">
          <params>
            <param index="0">
              <value>
                <![CDATA[Admin]]>
              </value>
            </param>
            <param index="1">
              <value>
                <![CDATA[]]>
              </value>
            </param>
            <param index="2">
              <value>
                <![CDATA[false]]>
              </value>
            </param>
          </params>
          <reporter-output>
          </reporter-output>
        </test-method> <!-- loginTestCases -->
        <test-method is-config="true" signature="tearDown()[pri:0, instance:orangehrm.ui.LoginFunctionality@3cd3e762]" started-at="2026-01-07T07:48:19 IST" name="tearDown" finished-at="2026-01-07T07:48:20 IST" duration-ms="259" status="PASS">
          <reporter-output>
          </reporter-output>
        </test-method> <!-- tearDown -->
        <test-method is-config="true" signature="setup()[pri:0, instance:orangehrm.ui.LoginFunctionality@3cd3e762]" started-at="2026-01-07T07:48:20 IST" name="setup" finished-at="2026-01-07T07:48:23 IST" duration-ms="3842" status="PASS">
          <reporter-output>
          </reporter-output>
        </test-method> <!-- setup -->
        <test-method signature="loginTestCases(java.lang.String,java.lang.String,boolean)[pri:0, instance:orangehrm.ui.LoginFunctionality@3cd3e762]" started-at="2026-01-07T07:48:23 IST" name="loginTestCases" data-provider="loginData" finished-at="2026-01-07T07:48:46 IST" duration-ms="22539" status="PASS">
          <params>
            <param index="0">
              <value>
                <![CDATA[]]>
              </value>
            </param>
            <param index="1">
              <value>
                <![CDATA[admin123]]>
              </value>
            </param>
            <param index="2">
              <value>
                <![CDATA[false]]>
              </value>
            </param>
          </params>
          <reporter-output>
          </reporter-output>
        </test-method> <!-- loginTestCases -->
        <test-method is-config="true" signature="tearDown()[pri:0, instance:orangehrm.ui.LoginFunctionality@3cd3e762]" started-at="2026-01-07T07:48:46 IST" name="tearDown" finished-at="2026-01-07T07:48:46 IST" duration-ms="332" status="PASS">
          <reporter-output>
          </reporter-output>
        </test-method> <!-- tearDown -->
        <test-method is-config="true" signature="setup()[pri:0, instance:orangehrm.ui.LoginFunctionality@3cd3e762]" started-at="2026-01-07T07:48:46 IST" name="setup" finished-at="2026-01-07T07:49:07 IST" duration-ms="21010" status="PASS">
          <reporter-output>
          </reporter-output>
        </test-method> <!-- setup -->
        <test-method signature="loginTestCases(java.lang.String,java.lang.String,boolean)[pri:0, instance:orangehrm.ui.LoginFunctionality@3cd3e762]" started-at="2026-01-07T07:49:07 IST" name="loginTestCases" data-provider="loginData" finished-at="2026-01-07T07:49:20 IST" duration-ms="12245" status="PASS">
          <params>
            <param index="0">
              <value>
                <![CDATA[admin]]>
              </value>
            </param>
            <param index="1">
              <value>
                <![CDATA[admin123]]>
              </value>
            </param>
            <param index="2">
              <value>
                <![CDATA[true]]>
              </value>
            </param>
          </params>
          <reporter-output>
          </reporter-output>
        </test-method> <!-- loginTestCases -->
        <test-method is-config="true" signature="tearDown()[pri:0, instance:orangehrm.ui.LoginFunctionality@3cd3e762]" started-at="2026-01-07T07:49:20 IST" name="tearDown" finished-at="2026-01-07T07:49:23 IST" duration-ms="3076" status="PASS">
          <reporter-output>
          </reporter-output>
        </test-method> <!-- tearDown -->
        <test-method is-config="true" signature="setup()[pri:0, instance:orangehrm.ui.LoginFunctionality@3cd3e762]" started-at="2026-01-07T07:49:23 IST" name="setup" finished-at="2026-01-07T07:49:27 IST" duration-ms="3906" status="PASS">
          <reporter-output>
          </reporter-output>
        </test-method> <!-- setup -->
        <test-method signature="loginTestCases(java.lang.String,java.lang.String,boolean)[pri:0, instance:orangehrm.ui.LoginFunctionality@3cd3e762]" started-at="2026-01-07T07:49:27 IST" name="loginTestCases" data-provider="loginData" finished-at="2026-01-07T07:49:48 IST" duration-ms="21792" status="PASS">
          <params>
            <param index="0">
              <value>
                <![CDATA[ADMIN]]>
              </value>
            </param>
            <param index="1">
              <value>
                <![CDATA[admin123]]>
              </value>
            </param>
            <param index="2">
              <value>
                <![CDATA[true]]>
              </value>
            </param>
          </params>
          <reporter-output>
          </reporter-output>
        </test-method> <!-- loginTestCases -->
        <test-method is-config="true" signature="tearDown()[pri:0, instance:orangehrm.ui.LoginFunctionality@3cd3e762]" started-at="2026-01-07T07:49:48 IST" name="tearDown" finished-at="2026-01-07T07:49:58 IST" duration-ms="9556" status="PASS">
          <reporter-output>
          </reporter-output>
        </test-method> <!-- tearDown -->
        <test-method is-config="true" signature="setup()[pri:0, instance:orangehrm.ui.LoginFunctionality@3cd3e762]" started-at="2026-01-07T07:49:58 IST" name="setup" finished-at="2026-01-07T07:50:12 IST" duration-ms="13725" status="PASS">
          <reporter-output>
          </reporter-output>
        </test-method> <!-- setup -->
        <test-method signature="loginTestCases(java.lang.String,java.lang.String,boolean)[pri:0, instance:orangehrm.ui.LoginFunctionality@3cd3e762]" started-at="2026-01-07T07:50:12 IST" name="loginTestCases" data-provider="loginData" finished-at="2026-01-07T07:50:37 IST" duration-ms="25059" status="PASS">
          <params>
            <param index="0">
              <value>
                <![CDATA[Admin]]>
              </value>
            </param>
            <param index="1">
              <value>
                <![CDATA[Admin123]]>
              </value>
            </param>
            <param index="2">
              <value>
                <![CDATA[false]]>
              </value>
            </param>
          </params>
          <reporter-output>
          </reporter-output>
        </test-method> <!-- loginTestCases -->
        <test-method is-config="true" signature="tearDown()[pri:0, instance:orangehrm.ui.LoginFunctionality@3cd3e762]" started-at="2026-01-07T07:50:37 IST" name="tearDown" finished-at="2026-01-07T07:50:40 IST" duration-ms="3357" status="PASS">
          <reporter-output>
          </reporter-output>
        </test-method> <!-- tearDown -->
      </class> <!-- orangehrm.ui.LoginFunctionality -->
    </test> <!-- Default test -->
  </suite> <!-- Default suite -->
</testng-results>
