<?xml version="1.0" encoding="UTF-8"?>
<!-- Generated by org.testng.reporters.JUnitReportReporter -->
<testsuite hostname="user" failures="0" tests="10" name="orangehrm.ui.LoginFunctionality" time="348.156" errors="0" timestamp="2026-01-07T07:50:40 IST" skipped="0">
  <testcase classname="orangehrm.ui.LoginFunctionality" name="loginTestCases" time="43.544"/>
  <testcase classname="orangehrm.ui.LoginFunctionality" name="loginTestCases" time="25.449"/>
  <testcase classname="orangehrm.ui.LoginFunctionality" name="loginTestCases" time="36.315"/>
  <testcase classname="orangehrm.ui.LoginFunctionality" name="loginTestCases" time="64.126"/>
  <testcase classname="orangehrm.ui.LoginFunctionality" name="loginTestCases" time="16.660"/>
  <testcase classname="orangehrm.ui.LoginFunctionality" name="loginTestCases" time="49.426"/>
  <testcase classname="orangehrm.ui.LoginFunctionality" name="loginTestCases" time="40.906"/>
  <testcase classname="orangehrm.ui.LoginFunctionality" name="loginTestCases" time="17.524"/>
  <testcase classname="orangehrm.ui.LoginFunctionality" name="loginTestCases" time="28.703"/>
  <testcase classname="orangehrm.ui.LoginFunctionality" name="loginTestCases" time="25.503"/>
</testsuite> <!-- orangehrm.ui.LoginFunctionality -->
