<?xml version="1.0" encoding="UTF-8"?>
<!-- Generated by org.testng.reporters.JUnitReportReporter -->
<testsuite hostname="user" failures="0" tests="10" name="orangehrm.ui.LoginFunctionality" time="187.367" errors="0" timestamp="2026-01-01T18:22:43 IST" skipped="0">
  <testcase classname="orangehrm.ui.LoginFunctionality" name="loginTestCases" time="29.268"/>
  <testcase classname="orangehrm.ui.LoginFunctionality" name="loginTestCases" time="13.527"/>
  <testcase classname="orangehrm.ui.LoginFunctionality" name="loginTestCases" time="21.570"/>
  <testcase classname="orangehrm.ui.LoginFunctionality" name="loginTestCases" time="16.779"/>
  <testcase classname="orangehrm.ui.LoginFunctionality" name="loginTestCases" time="14.199"/>
  <testcase classname="orangehrm.ui.LoginFunctionality" name="loginTestCases" time="22.436"/>
  <testcase classname="orangehrm.ui.LoginFunctionality" name="loginTestCases" time="20.211"/>
  <testcase classname="orangehrm.ui.LoginFunctionality" name="loginTestCases" time="22.345"/>
  <testcase classname="orangehrm.ui.LoginFunctionality" name="loginTestCases" time="12.892"/>
  <testcase classname="orangehrm.ui.LoginFunctionality" name="loginTestCases" time="14.140"/>
</testsuite> <!-- orangehrm.ui.LoginFunctionality -->
